app/build/outputs/logs/manifest-merger-release-report.txt
-- Merging decision tree log ---
manifest
ADDED from src\main\AndroidManifest.xml:2:1-157:12
	package
		ADDED from src\main\AndroidManifest.xml:3:5-28
		INJECTED from src\main\AndroidManifest.xml
		INJECTED from src\main\AndroidManifest.xml
	android:versionName
		ADDED from src\main\AndroidManifest.xml:5:5-30
		INJECTED from src\main\AndroidManifest.xml
		INJECTED from src\main\AndroidManifest.xml
	android:versionCode
		ADDED from src\main\AndroidManifest.xml:4:5-28
		INJECTED from src\main\AndroidManifest.xml
		INJECTED from src\main\AndroidManifest.xml
	xmlns:android
		ADDED from src\main\AndroidManifest.xml:2:11-69
uses-sdk
ADDED from src\main\AndroidManifest.xml:7:5-9:41
MERGED from [com.android.support:support-v4:22.2.1] AndroidManifest.xml:20:5-43
	android:targetSdkVersion
		ADDED from src\main\AndroidManifest.xml:9:9-38
		INJECTED from src\main\AndroidManifest.xml
		INJECTED from src\main\AndroidManifest.xml
	android:minSdkVersion
		ADDED from src\main\AndroidManifest.xml:8:9-35
		INJECTED from src\main\AndroidManifest.xml
		INJECTED from src\main\AndroidManifest.xml
uses-permission#android.permission.ACCESS_NETWORK_STATE
ADDED from src\main\AndroidManifest.xml:11:5-79
	android:name
		ADDED from src\main\AndroidManifest.xml:11:22-76
uses-permission#android.permission.CALL_PHONE
ADDED from src\main\AndroidManifest.xml:12:5-69
	android:name
		ADDED from src\main\AndroidManifest.xml:12:22-66
uses-permission#android.permission.SEND_SMS
ADDED from src\main\AndroidManifest.xml:13:5-67
	android:name
		ADDED from src\main\AndroidManifest.xml:13:22-64
uses-permission#android.permission.MOUNT_UNMOUNT_FILESYSTEMS
ADDED from src\main\AndroidManifest.xml:14:5-84
	android:name
		ADDED from src\main\AndroidManifest.xml:14:22-81
uses-permission#android.permission.WRITE_EXTERNAL_STORAGE
ADDED from src\main\AndroidManifest.xml:15:5-81
	android:name
		ADDED from src\main\AndroidManifest.xml:15:22-78
uses-permission#android.permission.GET_TASKS
ADDED from src\main\AndroidManifest.xml:16:5-68
	android:name
		ADDED from src\main\AndroidManifest.xml:16:22-65
uses-permission#android.permission.ACCESS_WIFI_STATE
ADDED from src\main\AndroidManifest.xml:17:5-76
	android:name
		ADDED from src\main\AndroidManifest.xml:17:22-73
uses-permission#android.permission.CHANGE_WIFI_STATE
ADDED from src\main\AndroidManifest.xml:18:5-76
	android:name
		ADDED from src\main\AndroidManifest.xml:18:22-73
uses-permission#android.permission.READ_PHONE_STATE
ADDED from src\main\AndroidManifest.xml:19:5-75
	android:name
		ADDED from src\main\AndroidManifest.xml:19:22-72
uses-permission#android.permission.MANAGE_ACCOUNTS
ADDED from src\main\AndroidManifest.xml:20:5-74
	android:name
		ADDED from src\main\AndroidManifest.xml:20:22-71
uses-permission#android.permission.GET_ACCOUNTS
ADDED from src\main\AndroidManifest.xml:21:5-71
	android:name
		ADDED from src\main\AndroidManifest.xml:21:22-68
uses-permission#android.permission.READ_LOGS
ADDED from src\main\AndroidManifest.xml:22:5-68
	android:name
		ADDED from src\main\AndroidManifest.xml:22:22-65
uses-permission#android.permission.INTERNET
ADDED from src\main\AndroidManifest.xml:24:5-67
	android:name
		ADDED from src\main\AndroidManifest.xml:24:22-64
uses-permission#android.permission.DOWNLOAD_WITHOUT_NOTIFICATION
ADDED from src\main\AndroidManifest.xml:26:5-88
	android:name
		ADDED from src\main\AndroidManifest.xml:26:22-85
uses-permission#android.permission.ACCESS_FINE_LOCATION
ADDED from src\main\AndroidManifest.xml:29:5-79
	android:name
		ADDED from src\main\AndroidManifest.xml:29:22-76
application
ADDED from src\main\AndroidManifest.xml:32:5-155:19
MERGED from [com.android.support:support-v4:22.2.1] AndroidManifest.xml:22:5-20
	android:label
		ADDED from src\main\AndroidManifest.xml:35:9-41
	android:allowBackup
		ADDED from src\main\AndroidManifest.xml:33:9-35
	android:icon
		ADDED from src\main\AndroidManifest.xml:34:9-38
	android:theme
		ADDED from src\main\AndroidManifest.xml:36:9-40
activity#com.pula.star.activity.MainActivity
ADDED from src\main\AndroidManifest.xml:37:9-40:20
	android:label
		ADDED from src\main\AndroidManifest.xml:39:13-45
	android:name
		ADDED from src\main\AndroidManifest.xml:38:13-63
activity#com.pula.star.activity.WelcomeActivity
ADDED from src\main\AndroidManifest.xml:41:9-46:20
	android:name
		ADDED from src\main\AndroidManifest.xml:41:19-72
intent-filter#android.intent.action.MAIN+android.intent.category.LAUNCHER
ADDED from src\main\AndroidManifest.xml:42:13-45:29
action#android.intent.action.MAIN
ADDED from src\main\AndroidManifest.xml:43:17-69
	android:name
		ADDED from src\main\AndroidManifest.xml:43:25-66
category#android.intent.category.LAUNCHER
ADDED from src\main\AndroidManifest.xml:44:17-77
	android:name
		ADDED from src\main\AndroidManifest.xml:44:27-74
activity#com.pula.star.activity.buy.BuyCourseActivity
ADDED from src\main\AndroidManifest.xml:49:9-60:20
	android:label
		ADDED from src\main\AndroidManifest.xml:51:13-45
	android:launchMode
		ADDED from src\main\AndroidManifest.xml:53:13-43
	android:exported
		ADDED from src\main\AndroidManifest.xml:52:13-36
	android:name
		ADDED from src\main\AndroidManifest.xml:50:13-72
intent-filter#android.intent.action.VIEW+android.intent.category.DEFAULT
ADDED from src\main\AndroidManifest.xml:55:13-59:29
action#android.intent.action.VIEW
ADDED from src\main\AndroidManifest.xml:56:17-68
	android:name
		ADDED from src\main\AndroidManifest.xml:56:25-66
category#android.intent.category.DEFAULT
ADDED from src\main\AndroidManifest.xml:57:17-75
	android:name
		ADDED from src\main\AndroidManifest.xml:57:27-73
data
ADDED from src\main\AndroidManifest.xml:58:17-60
	android:scheme
		ADDED from src\main\AndroidManifest.xml:58:23-58
activity#com.pula.star.wxapi.WXPayEntryActivity
ADDED from src\main\AndroidManifest.xml:62:9-65:45
	android:launchMode
		ADDED from src\main\AndroidManifest.xml:65:13-43
	android:exported
		ADDED from src\main\AndroidManifest.xml:64:13-36
	android:name
		ADDED from src\main\AndroidManifest.xml:63:13-66
receiver#com.pula.star.pay.wechat.AppRegister
ADDED from src\main\AndroidManifest.xml:68:9-73:20
	android:name
		ADDED from src\main\AndroidManifest.xml:69:13-64
intent-filter#com.tencent.mm.plugin.openapi.Intent.ACTION_REFRESH_WXAPP
ADDED from src\main\AndroidManifest.xml:70:13-72:29
action#com.tencent.mm.plugin.openapi.Intent.ACTION_REFRESH_WXAPP
ADDED from src\main\AndroidManifest.xml:71:17-100
	android:name
		ADDED from src\main\AndroidManifest.xml:71:25-97
activity#cn.sharesdk.framework.ShareSDKUIShell
ADDED from src\main\AndroidManifest.xml:76:9-81:20
	android:windowSoftInputMode
		ADDED from src\main\AndroidManifest.xml:80:13-67
	android:configChanges
		ADDED from src\main\AndroidManifest.xml:78:13-74
	android:theme
		ADDED from src\main\AndroidManifest.xml:79:13-72
	android:name
		ADDED from src\main\AndroidManifest.xml:77:13-65
activity#com.pula.star.wxapi.WXEntryActivity
ADDED from src\main\AndroidManifest.xml:83:9-87:75
	android:screenOrientation
		ADDED from src\main\AndroidManifest.xml:86:13-49
	android:exported
		ADDED from src\main\AndroidManifest.xml:85:13-36
	android:theme
		ADDED from src\main\AndroidManifest.xml:87:13-72
	android:name
		ADDED from src\main\AndroidManifest.xml:84:13-50
activity#com.freedoman.fingerlife.activities.UserCenterActivity
ADDED from src\main\AndroidManifest.xml:89:9-90:20
	android:name
		ADDED from src\main\AndroidManifest.xml:89:19-88
activity#com.pula.star.activity.AddActivity
ADDED from src\main\AndroidManifest.xml:91:9-95:20
	android:label
		ADDED from src\main\AndroidManifest.xml:93:13-55
	android:theme
		ADDED from src\main\AndroidManifest.xml:94:13-72
	android:name
		ADDED from src\main\AndroidManifest.xml:92:13-62
activity#com.pula.star.activity.CourseDetailTourActivity
ADDED from src\main\AndroidManifest.xml:96:9-99:20
	android:label
		ADDED from src\main\AndroidManifest.xml:98:13-66
	android:name
		ADDED from src\main\AndroidManifest.xml:97:13-75
activity#com.pula.star.activity.CourseDetailH5Activity
ADDED from src\main\AndroidManifest.xml:100:9-103:20
	android:label
		ADDED from src\main\AndroidManifest.xml:102:13-66
	android:name
		ADDED from src\main\AndroidManifest.xml:101:13-73
activity#com.pula.star.activity.HuodongDetailActivity
ADDED from src\main\AndroidManifest.xml:104:9-107:20
	android:label
		ADDED from src\main\AndroidManifest.xml:106:13-66
	android:name
		ADDED from src\main\AndroidManifest.xml:105:13-72
activity#com.pula.star.activity.BookingActivity
ADDED from src\main\AndroidManifest.xml:108:9-111:20
	android:label
		ADDED from src\main\AndroidManifest.xml:110:13-59
	android:name
		ADDED from src\main\AndroidManifest.xml:109:13-66
activity#com.pula.star.activity.LoginWelcomeActivity
ADDED from src\main\AndroidManifest.xml:112:9-113:20
	android:name
		ADDED from src\main\AndroidManifest.xml:112:19-77
activity#com.pula.star.activity.LoginActivity
ADDED from src\main\AndroidManifest.xml:114:9-115:20
	android:name
		ADDED from src\main\AndroidManifest.xml:114:19-70
activity#com.pula.star.activity.UserInfoActivity
ADDED from src\main\AndroidManifest.xml:116:9-117:20
	android:name
		ADDED from src\main\AndroidManifest.xml:116:19-73
activity#com.pula.star.activity.MyCourseActivity
ADDED from src\main\AndroidManifest.xml:118:9-119:20
	android:name
		ADDED from src\main\AndroidManifest.xml:118:19-73
activity#com.pula.star.activity.MyBookingActivity
ADDED from src\main\AndroidManifest.xml:120:9-121:20
	android:name
		ADDED from src\main\AndroidManifest.xml:120:19-74
activity#com.pula.star.activity.MyPointActivity
ADDED from src\main\AndroidManifest.xml:122:9-123:20
	android:name
		ADDED from src\main\AndroidManifest.xml:122:19-72
activity#com.pula.star.activity.CurriculumScheduleActivity
ADDED from src\main\AndroidManifest.xml:124:9-125:20
	android:name
		ADDED from src\main\AndroidManifest.xml:124:19-83
activity#com.pula.star.activity.BookingDialogActivity
ADDED from src\main\AndroidManifest.xml:126:9-127:20
	android:name
		ADDED from src\main\AndroidManifest.xml:126:19-78
activity#com.pula.star.activity.RegistedUserBookingDialogActivity
ADDED from src\main\AndroidManifest.xml:128:9-129:20
	android:name
		ADDED from src\main\AndroidManifest.xml:128:19-90
activity#com.pula.star.activity.MyNoticeActivity
ADDED from src\main\AndroidManifest.xml:130:9-131:20
	android:name
		ADDED from src\main\AndroidManifest.xml:130:19-73
activity#com.pula.star.activity.MyWorkH5Activity
ADDED from src\main\AndroidManifest.xml:132:9-133:20
	android:name
		ADDED from src\main\AndroidManifest.xml:132:19-73
activity#com.pula.star.activity.MyWorkActivity
ADDED from src\main\AndroidManifest.xml:134:9-135:20
	android:name
		ADDED from src\main\AndroidManifest.xml:134:19-71
activity#com.pula.star.activity.MyWorkDetailActivity
ADDED from src\main\AndroidManifest.xml:136:9-137:20
	android:name
		ADDED from src\main\AndroidManifest.xml:136:19-77
activity#com.pula.star.activity.AboutUsActivity
ADDED from src\main\AndroidManifest.xml:138:9-139:20
	android:name
		ADDED from src\main\AndroidManifest.xml:138:19-72
activity#com.pula.star.activity.changePasswordActivity
ADDED from src\main\AndroidManifest.xml:140:9-141:20
	android:name
		ADDED from src\main\AndroidManifest.xml:140:19-79
activity#com.pula.star.activity.resetPasswordActivity
ADDED from src\main\AndroidManifest.xml:142:9-143:20
	android:name
		ADDED from src\main\AndroidManifest.xml:142:19-78
activity#com.pula.star.activity.buy.BuyHuodongActivity
ADDED from src\main\AndroidManifest.xml:146:11-147:20
	android:name
		ADDED from src\main\AndroidManifest.xml:146:21-81
activity#com.iflytek.voiceads.request.IFLYBrowser
ADDED from src\main\AndroidManifest.xml:148:9-150:52
	android:screenOrientation
		ADDED from src\main\AndroidManifest.xml:150:13-49
	android:name
		ADDED from src\main\AndroidManifest.xml:149:13-68
meta-data#IFLYTEK_APPKEY_AD
ADDED from src\main\AndroidManifest.xml:152:9-154:40
	android:value
		ADDED from src\main\AndroidManifest.xml:154:13-37
	android:name
		ADDED from src\main\AndroidManifest.xml:153:13-45